# JRE version: OpenJDK Runtime Environment Temurin-21.0.12.1+1 (21.0.12.1+1) (build 21.0.12.1+1-LTS)
# Java VM: OpenJDK 64-Bit Server VM Temurin-21.0.12.1+1 (21.0.12.1+1-LTS, mixed mode, sharing, tiered, compressed oops, compressed class ptrs, parallel gc, windows-amd64)
GC Precious Log:
 CardTable entry size: 512
 CPUs: 4 total, 4 available
 Memory: 8057M
 Large Page Support: Disabled
 NUMA Support: Disabled
 Compressed Oops: Enabled (Zero based)
 Alignments: Space 512K, Generation 512K, Heap 2M
 Heap Min Capacity: 100M
 Heap Initial Capacity: 100M
 Heap Max Capacity: 4G
 Pre-touch: Disabled
 Parallel Workers: 4
Heap:
 PSYoungGen      total 11776K, used 3958K [0x00000007aab00000, 0x00000007ab980000, 0x0000000800000000)
  eden space 10240K, 24% used [0x00000007aab00000,0x00000007aad717d8,0x00000007ab500000)
  from space 1536K, 94% used [0x00000007ab800000,0x00000007ab96c030,0x00000007ab980000)
  to   space 1536K, 0% used [0x00000007ab680000,0x00000007ab680000,0x00000007ab800000)
 ParOldGen       total 78336K, used 78228K [0x0000000700000000, 0x0000000704c80000, 0x00000007aab00000)
  object space 78336K, 99% used [0x0000000700000000,0x0000000704c652d8,0x0000000704c80000)
 Metaspace       used 63243K, committed 64704K, reserved 1114112K
  class space    used 6611K, committed 7296K, reserved 1048576K
GC Heap History (20 events):
Event: 8474.053 GC heap before
{Heap before GC invocations=168 (full 3):
 PSYoungGen      total 10752K, used 10730K [0x00000007aab00000, 0x00000007abb00000, 0x0000000800000000)
  eden space 10240K, 100% used [0x00000007aab00000,0x00000007ab500000,0x00000007ab500000)
  from space 512K, 95% used [0x00000007aba80000,0x00000007abafab18,0x00000007abb00000)
  to   space 1536K, 0% used [0x00000007ab800000,0x00000007ab800000,0x00000007ab980000)
 ParOldGen       total 78336K, used 71040K [0x0000000700000000, 0x0000000704c80000, 0x00000007aab00000)
  object space 78336K, 90% used [0x0000000700000000,0x00000007045600d8,0x0000000704c80000)
 Metaspace       used 60355K, committed 61824K, reserved 1114112K
  class space    used 6390K, committed 7040K, reserved 1048576K
}
Event: 8474.061 GC heap after
{Heap after GC invocations=168 (full 3):
 PSYoungGen      total 11776K, used 256K [0x00000007aab00000, 0x00000007abb00000, 0x0000000800000000)
  eden space 10240K, 0% used [0x00000007aab00000,0x00000007aab00000,0x00000007ab500000)
  from space 1536K, 16% used [0x00000007ab800000,0x00000007ab840000,0x00000007ab980000)
  to   space 1024K, 0% used [0x00000007aba00000,0x00000007aba00000,0x00000007abb00000)
 ParOldGen       total 78336K, used 71501K [0x0000000700000000, 0x0000000704c80000, 0x00000007aab00000)
  object space 78336K, 91% used [0x0000000700000000,0x00000007045d3428,0x0000000704c80000)
 Metaspace       used 60355K, committed 61824K, reserved 1114112K
  class space    used 6390K, committed 7040K, reserved 1048576K
}
Event: 8474.193 GC heap before
{Heap before GC invocations=169 (full 3):
 PSYoungGen      total 11776K, used 10496K [0x00000007aab00000, 0x00000007abb00000, 0x0000000800000000)
  eden space 10240K, 100% used [0x00000007aab00000,0x00000007ab500000,0x00000007ab500000)
  from space 1536K, 16% used [0x00000007ab800000,0x00000007ab840000,0x00000007ab980000)
  to   space 1024K, 0% used [0x00000007aba00000,0x00000007aba00000,0x00000007abb00000)
 ParOldGen       total 78336K, used 71501K [0x0000000700000000, 0x0000000704c80000, 0x00000007aab00000)
  object space 78336K, 91% used [0x0000000700000000,0x00000007045d3428,0x0000000704c80000)
 Metaspace       used 60355K, committed 61824K, reserved 1114112K
  class space    used 6390K, committed 7040K, reserved 1048576K
}
Event: 8474.196 GC heap after
{Heap after GC invocations=169 (full 3):
 PSYoungGen      total 11264K, used 727K [0x00000007aab00000, 0x00000007abb00000, 0x0000000800000000)
  eden space 10240K, 0% used [0x00000007aab00000,0x00000007aab00000,0x00000007ab500000)
  from space 1024K, 71% used [0x00000007aba00000,0x00000007abab5e08,0x00000007abb00000)
  to   space 1024K, 0% used [0x00000007ab900000,0x00000007ab900000,0x00000007aba00000)
 ParOldGen       total 78336K, used 71669K [0x0000000700000000, 0x0000000704c80000, 0x00000007aab00000)
  object space 78336K, 91% used [0x0000000700000000,0x00000007045fd710,0x0000000704c80000)
 Metaspace       used 60355K, committed 61824K, reserved 1114112K
  class space    used 6390K, committed 7040K, reserved 1048576K
}
Event: 8474.841 GC heap before
{Heap before GC invocations=170 (full 3):
 PSYoungGen      total 11264K, used 10967K [0x00000007aab00000, 0x00000007abb00000, 0x0000000800000000)
  eden space 10240K, 100% used [0x00000007aab00000,0x00000007ab500000,0x00000007ab500000)
  from space 1024K, 71% used [0x00000007aba00000,0x00000007abab5e08,0x00000007abb00000)
  to   space 1024K, 0% used [0x00000007ab900000,0x00000007ab900000,0x00000007aba00000)
 ParOldGen       total 78336K, used 71669K [0x0000000700000000, 0x0000000704c80000, 0x00000007aab00000)
  object space 78336K, 91% used [0x0000000700000000,0x00000007045fd710,0x0000000704c80000)
 Metaspace       used 60853K, committed 62336K, reserved 1114112K
  class space    used 6449K, committed 7104K, reserved 1048576K
}
Event: 8474.856 GC heap after
{Heap after GC invocations=170 (full 3):
 PSYoungGen      total 11264K, used 1008K [0x00000007aab00000, 0x00000007aba80000, 0x0000000800000000)
  eden space 10240K, 0% used [0x00000007aab00000,0x00000007aab00000,0x00000007ab500000)
  from space 1024K, 98% used [0x00000007ab900000,0x00000007ab9fc010,0x00000007aba00000)
  to   space 512K, 0% used [0x00000007aba00000,0x00000007aba00000,0x00000007aba80000)
 ParOldGen       total 78336K, used 72301K [0x0000000700000000, 0x0000000704c80000, 0x00000007aab00000)
  object space 78336K, 92% used [0x0000000700000000,0x000000070469b490,0x0000000704c80000)
 Metaspace       used 60853K, committed 62336K, reserved 1114112K
  class space    used 6449K, committed 7104K, reserved 1048576K
}
Event: 8475.891 GC heap before
{Heap before GC invocations=171 (full 3):
 PSYoungGen      total 11264K, used 11248K [0x00000007aab00000, 0x00000007aba80000, 0x0000000800000000)
  eden space 10240K, 100% used [0x00000007aab00000,0x00000007ab500000,0x00000007ab500000)
  from space 1024K, 98% used [0x00000007ab900000,0x00000007ab9fc010,0x00000007aba00000)
  to   space 512K, 0% used [0x00000007aba00000,0x00000007aba00000,0x00000007aba80000)
 ParOldGen       total 78336K, used 72301K [0x0000000700000000, 0x0000000704c80000, 0x00000007aab00000)
  object space 78336K, 92% used [0x0000000700000000,0x000000070469b490,0x0000000704c80000)
 Metaspace       used 61231K, committed 62656K, reserved 1114112K
  class space    used 6481K, committed 7104K, reserved 1048576K
}
Event: 8475.905 GC heap after
{Heap after GC invocations=171 (full 3):
 PSYoungGen      total 10752K, used 480K [0x00000007aab00000, 0x00000007aba80000, 0x0000000800000000)
  eden space 10240K, 0% used [0x00000007aab00000,0x00000007aab00000,0x00000007ab500000)
  from space 512K, 93% used [0x00000007aba00000,0x00000007aba78028,0x00000007aba80000)
  to   space 1536K, 0% used [0x00000007ab780000,0x00000007ab780000,0x00000007ab900000)
 ParOldGen       total 78336K, used 73220K [0x0000000700000000, 0x0000000704c80000, 0x00000007aab00000)
  object space 78336K, 93% used [0x0000000700000000,0x00000007047810d8,0x0000000704c80000)
 Metaspace       used 61231K, committed 62656K, reserved 1114112K
  class space    used 6481K, committed 7104K, reserved 1048576K
}
Event: 8477.701 GC heap before
{Heap before GC invocations=172 (full 3):
 PSYoungGen      total 10752K, used 10716K [0x00000007aab00000, 0x00000007aba80000, 0x0000000800000000)
  eden space 10240K, 99% used [0x00000007aab00000,0x00000007ab4ff250,0x00000007ab500000)
  from space 512K, 93% used [0x00000007aba00000,0x00000007aba78028,0x00000007aba80000)
  to   space 1536K, 0% used [0x00000007ab780000,0x00000007ab780000,0x00000007ab900000)
 ParOldGen       total 78336K, used 73220K [0x0000000700000000, 0x0000000704c80000, 0x00000007aab00000)
  object space 78336K, 93% used [0x0000000700000000,0x00000007047810d8,0x0000000704c80000)
 Metaspace       used 62133K, committed 63616K, reserved 1114112K
  class space    used 6556K, committed 7232K, reserved 1048576K
}
Event: 8477.726 GC heap after
{Heap after GC invocations=172 (full 3):
 PSYoungGen      total 11776K, used 1271K [0x00000007aab00000, 0x00000007aba80000, 0x0000000800000000)
  eden space 10240K, 0% used [0x00000007aab00000,0x00000007aab00000,0x00000007ab500000)
  from space 1536K, 82% used [0x00000007ab780000,0x00000007ab8bdd98,0x00000007ab900000)
  to   space 1536K, 0% used [0x00000007ab900000,0x00000007ab900000,0x00000007aba80000)
 ParOldGen       total 78336K, used 73657K [0x0000000700000000, 0x0000000704c80000, 0x00000007aab00000)
  object space 78336K, 94% used [0x0000000700000000,0x00000007047ee7c0,0x0000000704c80000)
 Metaspace       used 62133K, committed 63616K, reserved 1114112K
  class space    used 6556K, committed 7232K, reserved 1048576K
}
Event: 8479.023 GC heap before
{Heap before GC invocations=173 (full 3):
 PSYoungGen      total 11776K, used 11511K [0x00000007aab00000, 0x00000007aba80000, 0x0000000800000000)
  eden space 10240K, 100% used [0x00000007aab00000,0x00000007ab500000,0x00000007ab500000)
  from space 1536K, 82% used [0x00000007ab780000,0x00000007ab8bdd98,0x00000007ab900000)
  to   space 1536K, 0% used [0x00000007ab900000,0x00000007ab900000,0x00000007aba80000)
 ParOldGen       total 78336K, used 73657K [0x0000000700000000, 0x0000000704c80000, 0x00000007aab00000)
  object space 78336K, 94% used [0x0000000700000000,0x00000007047ee7c0,0x0000000704c80000)
 Metaspace       used 62590K, committed 64064K, reserved 1114112K
  class space    used 6584K, committed 7232K, reserved 1048576K
}
Event: 8479.036 GC heap after
{Heap after GC invocations=173 (full 3):
 PSYoungGen      total 11264K, used 676K [0x00000007aab00000, 0x00000007aba00000, 0x0000000800000000)
  eden space 10240K, 0% used [0x00000007aab00000,0x00000007aab00000,0x00000007ab500000)
  from space 1024K, 66% used [0x00000007ab900000,0x00000007ab9a9210,0x00000007aba00000)
  to   space 1024K, 0% used [0x00000007ab800000,0x00000007ab800000,0x00000007ab900000)
 ParOldGen       total 78336K, used 74841K [0x0000000700000000, 0x0000000704c80000, 0x00000007aab00000)
  object space 78336K, 95% used [0x0000000700000000,0x0000000704916740,0x0000000704c80000)
 Metaspace       used 62590K, committed 64064K, reserved 1114112K
  class space    used 6584K, committed 7232K, reserved 1048576K
}
Event: 8480.119 GC heap before
{Heap before GC invocations=174 (full 3):
 PSYoungGen      total 11264K, used 10916K [0x00000007aab00000, 0x00000007aba00000, 0x0000000800000000)
  eden space 10240K, 100% used [0x00000007aab00000,0x00000007ab500000,0x00000007ab500000)
  from space 1024K, 66% used [0x00000007ab900000,0x00000007ab9a9210,0x00000007aba00000)
  to   space 1024K, 0% used [0x00000007ab800000,0x00000007ab800000,0x00000007ab900000)
 ParOldGen       total 78336K, used 74841K [0x0000000700000000, 0x0000000704c80000, 0x00000007aab00000)
  object space 78336K, 95% used [0x0000000700000000,0x0000000704916740,0x0000000704c80000)
 Metaspace       used 62899K, committed 64320K, reserved 1114112K
  class space    used 6602K, committed 7232K, reserved 1048576K
}
Event: 8480.127 GC heap after
{Heap after GC invocations=174 (full 3):
 PSYoungGen      total 11264K, used 1006K [0x00000007aab00000, 0x00000007ab980000, 0x0000000800000000)
  eden space 10240K, 0% used [0x00000007aab00000,0x00000007aab00000,0x00000007ab500000)
  from space 1024K, 98% used [0x00000007ab800000,0x00000007ab8fb8f8,0x00000007ab900000)
  to   space 512K, 0% used [0x00000007ab900000,0x00000007ab900000,0x00000007ab980000)
 ParOldGen       total 78336K, used 75262K [0x0000000700000000, 0x0000000704c80000, 0x00000007aab00000)
  object space 78336K, 96% used [0x0000000700000000,0x000000070497f960,0x0000000704c80000)
 Metaspace       used 62899K, committed 64320K, reserved 1114112K
  class space    used 6602K, committed 7232K, reserved 1048576K
}
Event: 8480.753 GC heap before
{Heap before GC invocations=175 (full 3):
 PSYoungGen      total 11264K, used 11246K [0x00000007aab00000, 0x00000007ab980000, 0x0000000800000000)
  eden space 10240K, 100% used [0x00000007aab00000,0x00000007ab500000,0x00000007ab500000)
  from space 1024K, 98% used [0x00000007ab800000,0x00000007ab8fb8f8,0x00000007ab900000)
  to   space 512K, 0% used [0x00000007ab900000,0x00000007ab900000,0x00000007ab980000)
 ParOldGen       total 78336K, used 75262K [0x0000000700000000, 0x0000000704c80000, 0x00000007aab00000)
  object space 78336K, 96% used [0x0000000700000000,0x000000070497f960,0x0000000704c80000)
 Metaspace       used 62990K, committed 64512K, reserved 1114112K
  class space    used 6606K, committed 7296K, reserved 1048576K
}
Event: 8480.764 GC heap after
{Heap after GC invocations=175 (full 3):
 PSYoungGen      total 10752K, used 480K [0x00000007aab00000, 0x00000007ab980000, 0x0000000800000000)
  eden space 10240K, 0% used [0x00000007aab00000,0x00000007aab00000,0x00000007ab500000)
  from space 512K, 93% used [0x00000007ab900000,0x00000007ab978020,0x00000007ab980000)
  to   space 1536K, 0% used [0x00000007ab680000,0x00000007ab680000,0x00000007ab800000)
 ParOldGen       total 78336K, used 76264K [0x0000000700000000, 0x0000000704c80000, 0x00000007aab00000)
  object space 78336K, 97% used [0x0000000700000000,0x0000000704a7a218,0x0000000704c80000)
 Metaspace       used 62990K, committed 64512K, reserved 1114112K
  class space    used 6606K, committed 7296K, reserved 1048576K
}
Event: 8481.284 GC heap before
{Heap before GC invocations=176 (full 3):
 PSYoungGen      total 10752K, used 10720K [0x00000007aab00000, 0x00000007ab980000, 0x0000000800000000)
  eden space 10240K, 100% used [0x00000007aab00000,0x00000007ab500000,0x00000007ab500000)
  from space 512K, 93% used [0x00000007ab900000,0x00000007ab978020,0x00000007ab980000)
  to   space 1536K, 0% used [0x00000007ab680000,0x00000007ab680000,0x00000007ab800000)
 ParOldGen       total 78336K, used 76264K [0x0000000700000000, 0x0000000704c80000, 0x00000007aab00000)
  object space 78336K, 97% used [0x0000000700000000,0x0000000704a7a218,0x0000000704c80000)
 Metaspace       used 63106K, committed 64576K, reserved 1114112K
  class space    used 6607K, committed 7296K, reserved 1048576K
}
Event: 8481.304 GC heap after
{Heap after GC invocations=176 (full 3):
 PSYoungGen      total 11776K, used 1516K [0x00000007aab00000, 0x00000007ab980000, 0x0000000800000000)
  eden space 10240K, 0% used [0x00000007aab00000,0x00000007aab00000,0x00000007ab500000)
  from space 1536K, 98% used [0x00000007ab680000,0x00000007ab7fb228,0x00000007ab800000)
  to   space 1536K, 0% used [0x00000007ab800000,0x00000007ab800000,0x00000007ab980000)
 ParOldGen       total 78336K, used 76704K [0x0000000700000000, 0x0000000704c80000, 0x00000007aab00000)
  object space 78336K, 97% used [0x0000000700000000,0x0000000704ae8258,0x0000000704c80000)
 Metaspace       used 63106K, committed 64576K, reserved 1114112K
  class space    used 6607K, committed 7296K, reserved 1048576K
}
Event: 8482.404 GC heap before
{Heap before GC invocations=177 (full 3):
 PSYoungGen      total 11776K, used 11756K [0x00000007aab00000, 0x00000007ab980000, 0x0000000800000000)
  eden space 10240K, 100% used [0x00000007aab00000,0x00000007ab500000,0x00000007ab500000)
  from space 1536K, 98% used [0x00000007ab680000,0x00000007ab7fb228,0x00000007ab800000)
  to   space 1536K, 0% used [0x00000007ab800000,0x00000007ab800000,0x00000007ab980000)
 ParOldGen       total 78336K, used 76704K [0x0000000700000000, 0x0000000704c80000, 0x00000007aab00000)
  object space 78336K, 97% used [0x0000000700000000,0x0000000704ae8258,0x0000000704c80000)
 Metaspace       used 63236K, committed 64704K, reserved 1114112K
  class space    used 6610K, committed 7296K, reserved 1048576K
}
Event: 8482.438 GC heap after
{Heap after GC invocations=177 (full 3):
 PSYoungGen      total 11776K, used 1456K [0x00000007aab00000, 0x00000007ab980000, 0x0000000800000000)
  eden space 10240K, 0% used [0x00000007aab00000,0x00000007aab00000,0x00000007ab500000)
  from space 1536K, 94% used [0x00000007ab800000,0x00000007ab96c030,0x00000007ab980000)
  to   space 1536K, 0% used [0x00000007ab680000,0x00000007ab680000,0x00000007ab800000)
 ParOldGen       total 78336K, used 78228K [0x0000000700000000, 0x0000000704c80000, 0x00000007aab00000)
  object space 78336K, 99% used [0x0000000700000000,0x0000000704c652d8,0x0000000704c80000)
 Metaspace       used 63236K, committed 64704K, reserved 1114112K
  class space    used 6610K, committed 7296K, reserved 1048576K
}

